Analysis & Synthesis report for RISCV
Fri Mar 27 14:10:32 2026
Quartus Prime Version 25.1std.0 Build 1129 10/21/2025 SC Lite Edition


---------------------
; Table of Contents ;
---------------------
  1. Legal Notice
  2. Analysis & Synthesis Summary
  3. Analysis & Synthesis Settings
  4. Parallel Compilation
  5. Analysis & Synthesis Source Files Read
  6. Analysis & Synthesis Resource Usage Summary
  7. Analysis & Synthesis Resource Utilization by Entity
  8. General Register Statistics
  9. Port Connectivity Checks: "ALU:alu"
 10. Port Connectivity Checks: "Reg_file:u_regfile"
 11. Port Connectivity Checks: "Decoder:decoder"
 12. Post-Synthesis Netlist Statistics for Top Partition
 13. Elapsed Time Per Partition
 14. Analysis & Synthesis Messages



----------------
; Legal Notice ;
----------------
Copyright (C) 2025  Altera Corporation. All rights reserved.
Your use of Altera Corporation's design tools, logic functions 
and other software and tools, and any partner logic 
functions, and any output files from any of the foregoing 
(including device programming or simulation files), and any 
associated documentation or information are expressly subject 
to the terms and conditions of the Altera Program License 
Subscription Agreement, the Altera Quartus Prime License Agreement,
the Altera IP License Agreement, or other applicable license
agreement, including, without limitation, that your use is for
the sole purpose of programming logic devices manufactured by
Altera and sold by Altera or its authorized distributors.  Please
refer to the Altera Software License Subscription Agreements 
on the Quartus Prime software download page.



+--------------------------------------------------------------------------------------+
; Analysis & Synthesis Summary                                                         ;
+------------------------------------+-------------------------------------------------+
; Analysis & Synthesis Status        ; Successful - Fri Mar 27 14:10:32 2026           ;
; Quartus Prime Version              ; 25.1std.0 Build 1129 10/21/2025 SC Lite Edition ;
; Revision Name                      ; RISCV                                           ;
; Top-level Entity Name              ; RISCV                                           ;
; Family                             ; Cyclone IV E                                    ;
; Total logic elements               ; 0                                               ;
;     Total combinational functions  ; 0                                               ;
;     Dedicated logic registers      ; 0                                               ;
; Total registers                    ; 0                                               ;
; Total pins                         ; 33                                              ;
; Total virtual pins                 ; 0                                               ;
; Total memory bits                  ; 0                                               ;
; Embedded Multiplier 9-bit elements ; 0                                               ;
; Total PLLs                         ; 0                                               ;
+------------------------------------+-------------------------------------------------+


+------------------------------------------------------------------------------------------------------------+
; Analysis & Synthesis Settings                                                                              ;
+------------------------------------------------------------------+--------------------+--------------------+
; Option                                                           ; Setting            ; Default Value      ;
+------------------------------------------------------------------+--------------------+--------------------+
; Device                                                           ; EP4CE115F29C7      ;                    ;
; Top-level entity name                                            ; RISCV              ; RISCV              ;
; Family name                                                      ; Cyclone IV E       ; Cyclone V          ;
; Maximum processors allowed for parallel compilation              ; All                ;                    ;
; Use smart compilation                                            ; Off                ; Off                ;
; Enable parallel Assembler and Timing Analyzer during compilation ; On                 ; On                 ;
; Enable compact report table                                      ; Off                ; Off                ;
; Restructure Multiplexers                                         ; Auto               ; Auto               ;
; Create Debugging Nodes for IP Cores                              ; Off                ; Off                ;
; Preserve fewer node names                                        ; On                 ; On                 ;
; Intel FPGA IP Evaluation Mode                                    ; Enable             ; Enable             ;
; Verilog Version                                                  ; Verilog_2001       ; Verilog_2001       ;
; VHDL Version                                                     ; VHDL_1993          ; VHDL_1993          ;
; State Machine Processing                                         ; Auto               ; Auto               ;
; Safe State Machine                                               ; Off                ; Off                ;
; Extract Verilog State Machines                                   ; On                 ; On                 ;
; Extract VHDL State Machines                                      ; On                 ; On                 ;
; Ignore Verilog initial constructs                                ; Off                ; Off                ;
; Iteration limit for constant Verilog loops                       ; 5000               ; 5000               ;
; Iteration limit for non-constant Verilog loops                   ; 250                ; 250                ;
; Add Pass-Through Logic to Inferred RAMs                          ; On                 ; On                 ;
; Infer RAMs from Raw Logic                                        ; On                 ; On                 ;
; Parallel Synthesis                                               ; On                 ; On                 ;
; DSP Block Balancing                                              ; Auto               ; Auto               ;
; NOT Gate Push-Back                                               ; On                 ; On                 ;
; Power-Up Don't Care                                              ; On                 ; On                 ;
; Remove Redundant Logic Cells                                     ; Off                ; Off                ;
; Remove Duplicate Registers                                       ; On                 ; On                 ;
; Ignore CARRY Buffers                                             ; Off                ; Off                ;
; Ignore CASCADE Buffers                                           ; Off                ; Off                ;
; Ignore GLOBAL Buffers                                            ; Off                ; Off                ;
; Ignore ROW GLOBAL Buffers                                        ; Off                ; Off                ;
; Ignore LCELL Buffers                                             ; Off                ; Off                ;
; Ignore SOFT Buffers                                              ; On                 ; On                 ;
; Limit AHDL Integers to 32 Bits                                   ; Off                ; Off                ;
; Optimization Technique                                           ; Balanced           ; Balanced           ;
; Carry Chain Length                                               ; 70                 ; 70                 ;
; Auto Carry Chains                                                ; On                 ; On                 ;
; Auto Open-Drain Pins                                             ; On                 ; On                 ;
; Perform WYSIWYG Primitive Resynthesis                            ; Off                ; Off                ;
; Auto ROM Replacement                                             ; On                 ; On                 ;
; Auto RAM Replacement                                             ; On                 ; On                 ;
; Auto DSP Block Replacement                                       ; On                 ; On                 ;
; Auto Shift Register Replacement                                  ; Auto               ; Auto               ;
; Allow Shift Register Merging across Hierarchies                  ; Auto               ; Auto               ;
; Auto Clock Enable Replacement                                    ; On                 ; On                 ;
; Strict RAM Replacement                                           ; Off                ; Off                ;
; Allow Synchronous Control Signals                                ; On                 ; On                 ;
; Force Use of Synchronous Clear Signals                           ; Off                ; Off                ;
; Auto RAM Block Balancing                                         ; On                 ; On                 ;
; Auto RAM to Logic Cell Conversion                                ; Off                ; Off                ;
; Auto Resource Sharing                                            ; Off                ; Off                ;
; Allow Any RAM Size For Recognition                               ; Off                ; Off                ;
; Allow Any ROM Size For Recognition                               ; Off                ; Off                ;
; Allow Any Shift Register Size For Recognition                    ; Off                ; Off                ;
; Use LogicLock Constraints during Resource Balancing              ; On                 ; On                 ;
; Ignore translate_off and synthesis_off directives                ; Off                ; Off                ;
; Timing-Driven Synthesis                                          ; On                 ; On                 ;
; Report Parameter Settings                                        ; On                 ; On                 ;
; Report Source Assignments                                        ; On                 ; On                 ;
; Report Connectivity Checks                                       ; On                 ; On                 ;
; Ignore Maximum Fan-Out Assignments                               ; Off                ; Off                ;
; Synchronization Register Chain Length                            ; 2                  ; 2                  ;
; Power Optimization During Synthesis                              ; Normal compilation ; Normal compilation ;
; HDL message level                                                ; Level2             ; Level2             ;
; Suppress Register Optimization Related Messages                  ; Off                ; Off                ;
; Number of Removed Registers Reported in Synthesis Report         ; 5000               ; 5000               ;
; Number of Swept Nodes Reported in Synthesis Report               ; 5000               ; 5000               ;
; Number of Inverted Registers Reported in Synthesis Report        ; 100                ; 100                ;
; Clock MUX Protection                                             ; On                 ; On                 ;
; Auto Gated Clock Conversion                                      ; Off                ; Off                ;
; Block Design Naming                                              ; Auto               ; Auto               ;
; SDC constraint protection                                        ; Off                ; Off                ;
; Synthesis Effort                                                 ; Auto               ; Auto               ;
; Shift Register Replacement - Allow Asynchronous Clear Signal     ; On                 ; On                 ;
; Pre-Mapping Resynthesis Optimization                             ; Off                ; Off                ;
; Analysis & Synthesis Message Level                               ; Medium             ; Medium             ;
; Disable Register Merging Across Hierarchies                      ; Auto               ; Auto               ;
; Resource Aware Inference For Block RAM                           ; On                 ; On                 ;
+------------------------------------------------------------------+--------------------+--------------------+


+------------------------------------------+
; Parallel Compilation                     ;
+----------------------------+-------------+
; Processors                 ; Number      ;
+----------------------------+-------------+
; Number detected on machine ; 16          ;
; Maximum allowed            ; 16          ;
;                            ;             ;
; Average used               ; 1.00        ;
; Maximum used               ; 1           ;
;                            ;             ;
; Usage by Processor         ; % Time Used ;
;     Processor 1            ; 100.0%      ;
+----------------------------+-------------+


+------------------------------------------------------------------------------------------------------------------------------------------------------------+
; Analysis & Synthesis Source Files Read                                                                                                                     ;
+----------------------------------+-----------------+------------------------------+--------------------------------------------------------------+---------+
; File Name with User-Entered Path ; Used in Netlist ; File Type                    ; File Name with Absolute Path                                 ; Library ;
+----------------------------------+-----------------+------------------------------+--------------------------------------------------------------+---------+
; ALU.sv                           ; yes             ; User SystemVerilog HDL File  ; /home/parsa/Data/Coding_Projects/Hardware/RISCV/ALU.sv       ;         ;
; Decoder.sv                       ; yes             ; User SystemVerilog HDL File  ; /home/parsa/Data/Coding_Projects/Hardware/RISCV/Decoder.sv   ;         ;
; Reg_file.sv                      ; yes             ; User SystemVerilog HDL File  ; /home/parsa/Data/Coding_Projects/Hardware/RISCV/Reg_file.sv  ;         ;
; riscv_pkg.sv                     ; yes             ; User SystemVerilog HDL File  ; /home/parsa/Data/Coding_Projects/Hardware/RISCV/riscv_pkg.sv ;         ;
; RISCV.sv                         ; yes             ; User SystemVerilog HDL File  ; /home/parsa/Data/Coding_Projects/Hardware/RISCV/RISCV.sv     ;         ;
+----------------------------------+-----------------+------------------------------+--------------------------------------------------------------+---------+


+-----------------------------------------------------+
; Analysis & Synthesis Resource Usage Summary         ;
+---------------------------------------------+-------+
; Resource                                    ; Usage ;
+---------------------------------------------+-------+
;                                             ;       ;
; Total combinational functions               ; 0     ;
; Logic element usage by number of LUT inputs ;       ;
;     -- 4 input functions                    ; 0     ;
;     -- 3 input functions                    ; 0     ;
;     -- <=2 input functions                  ; 0     ;
;                                             ;       ;
; Logic elements by mode                      ;       ;
;     -- normal mode                          ; 0     ;
;     -- arithmetic mode                      ; 0     ;
;                                             ;       ;
; Total registers                             ; 0     ;
;     -- Dedicated logic registers            ; 0     ;
;     -- I/O registers                        ; 0     ;
;                                             ;       ;
; I/O pins                                    ; 33    ;
;                                             ;       ;
; Embedded Multiplier 9-bit elements          ; 0     ;
;                                             ;       ;
; Maximum fan-out node                        ; clk   ;
; Maximum fan-out                             ; 1     ;
; Total fan-out                               ; 33    ;
; Average fan-out                             ; 0.50  ;
+---------------------------------------------+-------+


+----------------------------------------------------------------------------------------------------------------------------------------------------------------------------------------------------------+
; Analysis & Synthesis Resource Utilization by Entity                                                                                                                                                      ;
+----------------------------+---------------------+---------------------------+-------------+--------------+---------+-----------+------+--------------+---------------------+-------------+--------------+
; Compilation Hierarchy Node ; Combinational ALUTs ; Dedicated Logic Registers ; Memory Bits ; DSP Elements ; DSP 9x9 ; DSP 18x18 ; Pins ; Virtual Pins ; Full Hierarchy Name ; Entity Name ; Library Name ;
+----------------------------+---------------------+---------------------------+-------------+--------------+---------+-----------+------+--------------+---------------------+-------------+--------------+
; |RISCV                     ; 0 (0)               ; 0 (0)                     ; 0           ; 0            ; 0       ; 0         ; 33   ; 0            ; |RISCV              ; RISCV       ; work         ;
+----------------------------+---------------------+---------------------------+-------------+--------------+---------+-----------+------+--------------+---------------------+-------------+--------------+
Note: For table entries with two numbers listed, the numbers in parentheses indicate the number of resources of the given type used by the specific entity alone. The numbers listed outside of parentheses indicate the total resources of the given type used by the specific entity and all of its sub-entities in the hierarchy.


+------------------------------------------------------+
; General Register Statistics                          ;
+----------------------------------------------+-------+
; Statistic                                    ; Value ;
+----------------------------------------------+-------+
; Total registers                              ; 0     ;
; Number of registers using Synchronous Clear  ; 0     ;
; Number of registers using Synchronous Load   ; 0     ;
; Number of registers using Asynchronous Clear ; 0     ;
; Number of registers using Asynchronous Load  ; 0     ;
; Number of registers using Clock Enable       ; 0     ;
; Number of registers using Preset             ; 0     ;
+----------------------------------------------+-------+


+---------------------------------------------------------------------------------------------------------------------+
; Port Connectivity Checks: "ALU:alu"                                                                                 ;
+-----------+--------+----------+-------------------------------------------------------------------------------------+
; Port      ; Type   ; Severity ; Details                                                                             ;
+-----------+--------+----------+-------------------------------------------------------------------------------------+
; in1       ; Input  ; Info     ; Stuck at GND                                                                        ;
; in2       ; Input  ; Info     ; Stuck at GND                                                                        ;
; out       ; Output ; Info     ; Connected to dangling logic. Logic that only feeds a dangling port will be removed. ;
; zero_flag ; Output ; Info     ; Connected to dangling logic. Logic that only feeds a dangling port will be removed. ;
+-----------+--------+----------+-------------------------------------------------------------------------------------+


+----------------------------------------------------------------------------------------------------------------+
; Port Connectivity Checks: "Reg_file:u_regfile"                                                                 ;
+------+--------+----------+-------------------------------------------------------------------------------------+
; Port ; Type   ; Severity ; Details                                                                             ;
+------+--------+----------+-------------------------------------------------------------------------------------+
; rd1  ; Output ; Info     ; Connected to dangling logic. Logic that only feeds a dangling port will be removed. ;
; rd2  ; Output ; Info     ; Connected to dangling logic. Logic that only feeds a dangling port will be removed. ;
+------+--------+----------+-------------------------------------------------------------------------------------+


+-----------------------------------------------------------------------------------------------------------------------+
; Port Connectivity Checks: "Decoder:decoder"                                                                           ;
+-------------+--------+----------+-------------------------------------------------------------------------------------+
; Port        ; Type   ; Severity ; Details                                                                             ;
+-------------+--------+----------+-------------------------------------------------------------------------------------+
; imm         ; Output ; Info     ; Connected to dangling logic. Logic that only feeds a dangling port will be removed. ;
; alu_src_imm ; Output ; Info     ; Connected to dangling logic. Logic that only feeds a dangling port will be removed. ;
; alu_src_pc  ; Output ; Info     ; Connected to dangling logic. Logic that only feeds a dangling port will be removed. ;
; mem_load    ; Output ; Info     ; Connected to dangling logic. Logic that only feeds a dangling port will be removed. ;
; mem_store   ; Output ; Info     ; Connected to dangling logic. Logic that only feeds a dangling port will be removed. ;
; load_op     ; Output ; Info     ; Connected to dangling logic. Logic that only feeds a dangling port will be removed. ;
; store_op    ; Output ; Info     ; Connected to dangling logic. Logic that only feeds a dangling port will be removed. ;
; wb_src      ; Output ; Info     ; Connected to dangling logic. Logic that only feeds a dangling port will be removed. ;
; branch      ; Output ; Info     ; Connected to dangling logic. Logic that only feeds a dangling port will be removed. ;
; jump        ; Output ; Info     ; Connected to dangling logic. Logic that only feeds a dangling port will be removed. ;
; branch_op   ; Output ; Info     ; Connected to dangling logic. Logic that only feeds a dangling port will be removed. ;
+-------------+--------+----------+-------------------------------------------------------------------------------------+


+-----------------------------------------------------+
; Post-Synthesis Netlist Statistics for Top Partition ;
+-------------------+---------------------------------+
; Type              ; Count                           ;
+-------------------+---------------------------------+
; boundary_port     ; 33                              ;
;                   ;                                 ;
; Max LUT depth     ; 0.00                            ;
; Average LUT depth ; 0.00                            ;
+-------------------+---------------------------------+


+-------------------------------+
; Elapsed Time Per Partition    ;
+----------------+--------------+
; Partition Name ; Elapsed Time ;
+----------------+--------------+
; Top            ; 00:00:00     ;
+----------------+--------------+


+-------------------------------+
; Analysis & Synthesis Messages ;
+-------------------------------+
Info: *******************************************************************
Info: Running Quartus Prime Analysis & Synthesis
    Info: Version 25.1std.0 Build 1129 10/21/2025 SC Lite Edition
    Info: Processing started: Fri Mar 27 14:10:29 2026
Info: Command: quartus_map --read_settings_files=on --write_settings_files=off RISCV -c RISCV
Info (20030): Parallel compilation is enabled and will use 16 of the 16 processors detected
Info (12021): Found 1 design units, including 1 entities, in source file ALU.sv
    Info (12023): Found entity 1: ALU File: /home/parsa/Data/Coding_Projects/Hardware/RISCV/ALU.sv Line: 3
Info (12021): Found 1 design units, including 1 entities, in source file Decoder.sv
    Info (12023): Found entity 1: Decoder File: /home/parsa/Data/Coding_Projects/Hardware/RISCV/Decoder.sv Line: 3
Info (12021): Found 1 design units, including 1 entities, in source file Reg_file.sv
    Info (12023): Found entity 1: Reg_file File: /home/parsa/Data/Coding_Projects/Hardware/RISCV/Reg_file.sv Line: 1
Info (12021): Found 1 design units, including 0 entities, in source file riscv_pkg.sv
    Info (12022): Found design unit 1: riscv_pkg (SystemVerilog) File: /home/parsa/Data/Coding_Projects/Hardware/RISCV/riscv_pkg.sv Line: 1
Info (12021): Found 1 design units, including 1 entities, in source file RISCV.sv
    Info (12023): Found entity 1: RISCV File: /home/parsa/Data/Coding_Projects/Hardware/RISCV/RISCV.sv Line: 3
Info (12021): Found 1 design units, including 1 entities, in source file s_memory.v
    Info (12023): Found entity 1: s_memory File: /home/parsa/Data/Coding_Projects/Hardware/RISCV/s_memory.v Line: 40
Info (12127): Elaborating entity "RISCV" for the top level hierarchy
Warning (10036): Verilog HDL or VHDL warning at RISCV.sv(33): object "mem_read_data" assigned a value but never read File: /home/parsa/Data/Coding_Projects/Hardware/RISCV/RISCV.sv Line: 33
Warning (10030): Net "alu_in1" at RISCV.sv(28) has no driver or initial value, using a default initial value '0' File: /home/parsa/Data/Coding_Projects/Hardware/RISCV/RISCV.sv Line: 28
Warning (10030): Net "alu_in2" at RISCV.sv(29) has no driver or initial value, using a default initial value '0' File: /home/parsa/Data/Coding_Projects/Hardware/RISCV/RISCV.sv Line: 29
Info (12128): Elaborating entity "Decoder" for hierarchy "Decoder:decoder" File: /home/parsa/Data/Coding_Projects/Hardware/RISCV/RISCV.sv Line: 56
Info (12128): Elaborating entity "Reg_file" for hierarchy "Reg_file:u_regfile" File: /home/parsa/Data/Coding_Projects/Hardware/RISCV/RISCV.sv Line: 67
Info (12128): Elaborating entity "ALU" for hierarchy "ALU:alu" File: /home/parsa/Data/Coding_Projects/Hardware/RISCV/RISCV.sv Line: 75
Info (16010): Generating hard_block partition "hard_block:auto_generated_inst"
    Info (16011): Adding 0 node(s), including 0 DDIO, 0 PLL, 0 transceiver and 0 LCELL
Warning (21074): Design contains 33 input pin(s) that do not drive logic
    Warning (15610): No output dependent on input pin "clk" File: /home/parsa/Data/Coding_Projects/Hardware/RISCV/RISCV.sv Line: 4
    Warning (15610): No output dependent on input pin "inst[0]" File: /home/parsa/Data/Coding_Projects/Hardware/RISCV/RISCV.sv Line: 6
    Warning (15610): No output dependent on input pin "inst[1]" File: /home/parsa/Data/Coding_Projects/Hardware/RISCV/RISCV.sv Line: 6
    Warning (15610): No output dependent on input pin "inst[2]" File: /home/parsa/Data/Coding_Projects/Hardware/RISCV/RISCV.sv Line: 6
    Warning (15610): No output dependent on input pin "inst[3]" File: /home/parsa/Data/Coding_Projects/Hardware/RISCV/RISCV.sv Line: 6
    Warning (15610): No output dependent on input pin "inst[4]" File: /home/parsa/Data/Coding_Projects/Hardware/RISCV/RISCV.sv Line: 6
    Warning (15610): No output dependent on input pin "inst[5]" File: /home/parsa/Data/Coding_Projects/Hardware/RISCV/RISCV.sv Line: 6
    Warning (15610): No output dependent on input pin "inst[6]" File: /home/parsa/Data/Coding_Projects/Hardware/RISCV/RISCV.sv Line: 6
    Warning (15610): No output dependent on input pin "inst[7]" File: /home/parsa/Data/Coding_Projects/Hardware/RISCV/RISCV.sv Line: 6
    Warning (15610): No output dependent on input pin "inst[8]" File: /home/parsa/Data/Coding_Projects/Hardware/RISCV/RISCV.sv Line: 6
    Warning (15610): No output dependent on input pin "inst[9]" File: /home/parsa/Data/Coding_Projects/Hardware/RISCV/RISCV.sv Line: 6
    Warning (15610): No output dependent on input pin "inst[10]" File: /home/parsa/Data/Coding_Projects/Hardware/RISCV/RISCV.sv Line: 6
    Warning (15610): No output dependent on input pin "inst[11]" File: /home/parsa/Data/Coding_Projects/Hardware/RISCV/RISCV.sv Line: 6
    Warning (15610): No output dependent on input pin "inst[12]" File: /home/parsa/Data/Coding_Projects/Hardware/RISCV/RISCV.sv Line: 6
    Warning (15610): No output dependent on input pin "inst[13]" File: /home/parsa/Data/Coding_Projects/Hardware/RISCV/RISCV.sv Line: 6
    Warning (15610): No output dependent on input pin "inst[14]" File: /home/parsa/Data/Coding_Projects/Hardware/RISCV/RISCV.sv Line: 6
    Warning (15610): No output dependent on input pin "inst[15]" File: /home/parsa/Data/Coding_Projects/Hardware/RISCV/RISCV.sv Line: 6
    Warning (15610): No output dependent on input pin "inst[16]" File: /home/parsa/Data/Coding_Projects/Hardware/RISCV/RISCV.sv Line: 6
    Warning (15610): No output dependent on input pin "inst[17]" File: /home/parsa/Data/Coding_Projects/Hardware/RISCV/RISCV.sv Line: 6
    Warning (15610): No output dependent on input pin "inst[18]" File: /home/parsa/Data/Coding_Projects/Hardware/RISCV/RISCV.sv Line: 6
    Warning (15610): No output dependent on input pin "inst[19]" File: /home/parsa/Data/Coding_Projects/Hardware/RISCV/RISCV.sv Line: 6
    Warning (15610): No output dependent on input pin "inst[20]" File: /home/parsa/Data/Coding_Projects/Hardware/RISCV/RISCV.sv Line: 6
    Warning (15610): No output dependent on input pin "inst[21]" File: /home/parsa/Data/Coding_Projects/Hardware/RISCV/RISCV.sv Line: 6
    Warning (15610): No output dependent on input pin "inst[22]" File: /home/parsa/Data/Coding_Projects/Hardware/RISCV/RISCV.sv Line: 6
    Warning (15610): No output dependent on input pin "inst[23]" File: /home/parsa/Data/Coding_Projects/Hardware/RISCV/RISCV.sv Line: 6
    Warning (15610): No output dependent on input pin "inst[24]" File: /home/parsa/Data/Coding_Projects/Hardware/RISCV/RISCV.sv Line: 6
    Warning (15610): No output dependent on input pin "inst[25]" File: /home/parsa/Data/Coding_Projects/Hardware/RISCV/RISCV.sv Line: 6
    Warning (15610): No output dependent on input pin "inst[26]" File: /home/parsa/Data/Coding_Projects/Hardware/RISCV/RISCV.sv Line: 6
    Warning (15610): No output dependent on input pin "inst[27]" File: /home/parsa/Data/Coding_Projects/Hardware/RISCV/RISCV.sv Line: 6
    Warning (15610): No output dependent on input pin "inst[28]" File: /home/parsa/Data/Coding_Projects/Hardware/RISCV/RISCV.sv Line: 6
    Warning (15610): No output dependent on input pin "inst[29]" File: /home/parsa/Data/Coding_Projects/Hardware/RISCV/RISCV.sv Line: 6
    Warning (15610): No output dependent on input pin "inst[30]" File: /home/parsa/Data/Coding_Projects/Hardware/RISCV/RISCV.sv Line: 6
    Warning (15610): No output dependent on input pin "inst[31]" File: /home/parsa/Data/Coding_Projects/Hardware/RISCV/RISCV.sv Line: 6
Info (21057): Implemented 33 device resources after synthesis - the final resource count might be different
    Info (21058): Implemented 33 input pins
    Info (21059): Implemented 0 output pins
Info: Quartus Prime Analysis & Synthesis was successful. 0 errors, 37 warnings
    Info: Peak virtual memory: 369 megabytes
    Info: Processing ended: Fri Mar 27 14:10:32 2026
    Info: Elapsed time: 00:00:03
    Info: Total CPU time (on all processors): 00:00:10


